<?xml version="1.0" encoding="UTF-8"?>
<!-- Generated by org.testng.reporters.JUnitXMLReporter -->
<testsuite hostname="Sarang-Notebook" ignored="0" name="Default test" tests="3" failures="0" timestamp="02 Jun 2020 15:12:03 GMT" time="35.034" errors="0">
  <testcase name="loginHubSpot" time="1.33" classname="SelniumSessions._19_DataProviderTestNGWithExcelFile._19_TestNg_DataProviderWithExcelFile"/>
  <testcase name="loginHubSpot" time="1.238" classname="SelniumSessions._19_DataProviderTestNGWithExcelFile._19_TestNg_DataProviderWithExcelFile"/>
  <testcase name="loginHubSpot" time="1.277" classname="SelniumSessions._19_DataProviderTestNGWithExcelFile._19_TestNg_DataProviderWithExcelFile"/>
</testsuite> <!-- Default test -->
