<?xml version="1.0" encoding="UTF-8"?>
<!-- Generated by org.testng.reporters.JUnitXMLReporter -->
<testsuite hostname="Sarang-Notebook" ignored="0" name="FormFilling on Chrome" tests="3" failures="0" timestamp="02 Jun 2020 14:55:10 GMT" time="33.615" errors="0">
  <testcase name="loginHubSpot" time="1.22" classname="SelniumSessions._18_DataProviderTestNG._18_TestNg_DataProvider"/>
  <testcase name="loginHubSpot" time="1.201" classname="SelniumSessions._18_DataProviderTestNG._18_TestNg_DataProvider"/>
  <testcase name="loginHubSpot" time="1.517" classname="SelniumSessions._18_DataProviderTestNG._18_TestNg_DataProvider"/>
</testsuite> <!-- FormFilling on Chrome -->
