<?xml version="1.0" encoding="UTF-8"?>
<!-- Generated by org.testng.reporters.JUnitXMLReporter -->
<testsuite hostname="Sarang-Notebook" ignored="0" name="FormFilling on firefox" tests="3" failures="0" timestamp="02 Jun 2020 14:55:54 GMT" time="43.792" errors="0">
  <testcase name="loginHubSpot" time="1.029" classname="SelniumSessions._18_DataProviderTestNG._18_TestNg_DataProvider"/>
  <testcase name="loginHubSpot" time="1.849" classname="SelniumSessions._18_DataProviderTestNG._18_TestNg_DataProvider"/>
  <testcase name="loginHubSpot" time="0.907" classname="SelniumSessions._18_DataProviderTestNG._18_TestNg_DataProvider"/>
</testsuite> <!-- FormFilling on firefox -->
