<?xml version="1.0" encoding="UTF-8"?>
<testng-results skipped="0" failed="0" ignored="0" total="1" passed="1">
  <reporter-output>
  </reporter-output>
  <suite name="Default suite" duration-ms="25825" started-at="2020-05-28T13:56:42Z" finished-at="2020-05-28T13:57:08Z">
    <groups>
    </groups>
    <test name="Default test" duration-ms="25825" started-at="2020-05-28T13:56:42Z" finished-at="2020-05-28T13:57:08Z">
      <class name="SelniumSessions.test">
        <test-method status="PASS" signature="autoSuggestion()[pri:0, instance:SelniumSessions.test@28feb3fa]" name="autoSuggestion" duration-ms="25754" started-at="2020-05-28T13:56:42Z" finished-at="2020-05-28T13:57:08Z">
          <reporter-output>
          </reporter-output>
        </test-method> <!-- autoSuggestion -->
      </class> <!-- SelniumSessions.test -->
    </test> <!-- Default test -->
  </suite> <!-- Default suite -->
</testng-results>
